<?xml version="1.0" encoding="UTF-8"?>
<!-- Generated by org.testng.reporters.JUnitReportReporter -->
<testsuite hostname="ATMECSINLT-293" name="com.akshay.automation.testcases.pageobjects.TC_LoginPageObject" tests="2" failures="0" timestamp="30 Aug 2019 13:01:08 GMT" time="14.624" errors="0">
  <testcase name="tc02" time="9.224" classname="com.akshay.automation.testcases.pageobjects.TC_LoginPageObject"/>
  <testcase name="tc01" time="5.400" classname="com.akshay.automation.testcases.pageobjects.TC_LoginPageObject"/>
</testsuite> <!-- com.akshay.automation.testcases.pageobjects.TC_LoginPageObject -->
