<?xml version="1.0" encoding="UTF-8"?>
<!-- Generated by org.testng.reporters.JUnitReportReporter -->
<testsuite hostname="ATMECSINLT-293" name="com.akshay.automation.testcases.TestCaseLoginPageObject" tests="2" failures="0" timestamp="29 Aug 2019 14:05:01 GMT" time="25.719" errors="0">
  <testcase name="tc02" time="20.615" classname="com.akshay.automation.testcases.TestCaseLoginPageObject"/>
  <testcase name="tc01" time="5.104" classname="com.akshay.automation.testcases.TestCaseLoginPageObject"/>
</testsuite> <!-- com.akshay.automation.testcases.TestCaseLoginPageObject -->
