<?xml version="1.0" encoding="UTF-8"?>
<!-- Generated by org.testng.reporters.JUnitReportReporter -->
<testsuite hostname="ATMECSINLT-293" name="com.akshay.automation.testcases.pagefactory.TC_LoginPageFactory" tests="1" failures="0" timestamp="6 Sep 2019 13:24:51 GMT" time="53.159" errors="0">
  <testcase name="tc03" time="53.159" classname="com.akshay.automation.testcases.pagefactory.TC_LoginPageFactory"/>
</testsuite> <!-- com.akshay.automation.testcases.pagefactory.TC_LoginPageFactory -->
