<?xml version="1.0" encoding="UTF-8"?>
<!-- Generated by org.testng.reporters.JUnitReportReporter -->
<testsuite hostname="ATMECSINLT-293" name="com.akshay.automation.TC_Login" tests="2" failures="0" timestamp="23 Aug 2019 10:58:34 GMT" time="29.978" errors="0">
  <testcase name="tc01" time="4.917" classname="com.akshay.automation.TC_Login"/>
  <testcase name="tc02" time="25.061" classname="com.akshay.automation.TC_Login"/>
</testsuite> <!-- com.akshay.automation.TC_Login -->
