<?xml version="1.0" encoding="UTF-8"?>
<!-- Generated by org.testng.reporters.JUnitReportReporter -->
<testsuite hostname="ATMECSINLT-293" name="com.akshay.automation.TC_Login" tests="2" failures="0" timestamp="29 Aug 2019 12:36:42 GMT" time="23.757" errors="0">
  <testcase name="tc02" time="5.253" classname="com.akshay.automation.TC_Login"/>
  <testcase name="tc04" time="18.504" classname="com.akshay.automation.TC_Login"/>
</testsuite> <!-- com.akshay.automation.TC_Login -->
