<?xml version="1.0" encoding="UTF-8"?>
<!-- Generated by org.testng.reporters.JUnitReportReporter -->
<testsuite hostname="ATMECSINLT-293" name="com.akshay.automation.testcases.TestCaseLoginPageFactory" tests="2" failures="0" timestamp="29 Aug 2019 13:56:16 GMT" time="26.417" errors="0">
  <testcase name="tc04" time="21.292" classname="com.akshay.automation.testcases.TestCaseLoginPageFactory"/>
  <testcase name="tc03" time="5.125" classname="com.akshay.automation.testcases.TestCaseLoginPageFactory"/>
</testsuite> <!-- com.akshay.automation.testcases.TestCaseLoginPageFactory -->
