<?xml version="1.0" encoding="UTF-8"?>
<!-- Generated by org.testng.reporters.JUnitReportReporter -->
<testsuite hostname="ATMECSINLT-293" name="com.akshay.automation.TC_Login" tests="2" failures="0" timestamp="23 Aug 2019 07:56:21 GMT" time="56.102" errors="0">
  <testcase name="tc02" time="52.093" classname="com.akshay.automation.TC_Login"/>
  <testcase name="tc01" time="4.009" classname="com.akshay.automation.TC_Login"/>
</testsuite> <!-- com.akshay.automation.TC_Login -->
